nohup: ignoring input

> mantis-material-free-react@1.6.0 start:all
> concurrently --names "BACKEND,FRONTEND" --prefix-colors "bgBlue,bgGreen" "npm run server" "npm run client"

[FRONTEND] 
[FRONTEND] > mantis-material-free-react@1.6.0 client
[FRONTEND] > vite
[FRONTEND] 
[BACKEND] 
[BACKEND] > mantis-material-free-react@1.6.0 server
[BACKEND] > cd server && node index.js
[BACKEND] 
[BACKEND] 🔑 DATABASE_URL загружен: postgres:***@azap001-kiy026-3dfc.j.aivencloud.com:11433/defaultdb?sslmode=require
[BACKEND] 🔍 DB META: {
[BACKEND]   host: 'azap001-kiy026-3dfc.j.aivencloud.com',
[BACKEND]   port: '11433',
[BACKEND]   user: 'avnadmin',
[BACKEND]   passwordLength: 24,
[BACKEND]   hasPassword: true,
[BACKEND]   database: 'defaultdb'
[BACKEND] }
[BACKEND] 🔧 Aiven Cloud: используем sslmode=prefer
[BACKEND] 🔧 Aiven Cloud: отключена проверка SSL сертификата
[BACKEND] ⚠️ Не удалось прочитать CA сертификат: ENOENT: no such file or directory, open './ca.pem'
[BACKEND] 🚀 Запуск исправленного сервера...
[BACKEND] 🔧 Настроена расширенная CORS политика
[BACKEND] 🚀 Сервер запущен на http://localhost:3001
[BACKEND] 📊 API доступно по адресу: http://localhost:3001/api/test
[BACKEND] 🌐 Внешний доступ через порт: 3001
[FRONTEND] 
[FRONTEND]   VITE v7.0.4  ready in 377 ms
[FRONTEND] 
[FRONTEND]   ➜  Local:   http://localhost:3000/
[FRONTEND]   ➜  Network: http://10.0.12.61:3000/
[BACKEND] (node:51068) Warning: Setting the NODE_TLS_REJECT_UNAUTHORIZED environment variable to '0' makes TLS connections and HTTPS requests insecure by disabling certificate verification.
[BACKEND] (Use `node --trace-warnings ...` to show where the warning was created)
[BACKEND] ✅ Подключение к PostgreSQL установлено (ssl: on )
[BACKEND] ✅ Подключение к PostgreSQL установлено (ssl: on )
[BACKEND] ✅ Выполнен запрос: {
[BACKEND]   text: 'SELECT NOW() as current_time...',
[BACKEND]   duration: '1267ms',
[BACKEND]   rows: 1
[BACKEND] }
[BACKEND] ✅ Подключение к базе данных проверено: 2025-09-30T13:13:09.618Z
[BACKEND] ✅ Выполнен запрос: {
[BACKEND]   text: '\n      CREATE TABLE IF NOT EXISTS auth_users (\n   ...',
[BACKEND]   duration: '160ms',
[BACKEND]   rows: null
[BACKEND] }
[BACKEND] ✅ Выполнен запрос: {
[BACKEND]   text: '\n      CREATE TABLE IF NOT EXISTS user_sessions (\n...',
[BACKEND]   duration: '159ms',
[BACKEND]   rows: null
[BACKEND] }
[BACKEND] ✅ Выполнен запрос: {
[BACKEND]   text: '\n      CREATE INDEX IF NOT EXISTS idx_auth_users_e...',
[BACKEND]   duration: '161ms',
[BACKEND]   rows: undefined
[BACKEND] }
[BACKEND] ✅ Выполнен запрос: {
[BACKEND]   text: '\n      CREATE TABLE IF NOT EXISTS users (\n        ...',
[BACKEND]   duration: '159ms',
[BACKEND]   rows: null
[BACKEND] }
[BACKEND] ✅ Выполнен запрос: {
[BACKEND]   text: '\n      CREATE TABLE IF NOT EXISTS orders (\n       ...',
[BACKEND]   duration: '160ms',
[BACKEND]   rows: null
[BACKEND] }
[BACKEND] ✅ Выполнен запрос: {
[BACKEND]   text: '\n      CREATE TABLE IF NOT EXISTS statistics (\n   ...',
[BACKEND]   duration: '159ms',
[BACKEND]   rows: null
[BACKEND] }
[BACKEND] ✅ Выполнен запрос: {
[BACKEND]   text: '\n      CREATE TABLE IF NOT EXISTS work_materials (...',
[BACKEND]   duration: '159ms',
[BACKEND]   rows: null
[BACKEND] }
[BACKEND] ✅ Выполнен запрос: {
[BACKEND]   text: '\n      CREATE TABLE IF NOT EXISTS construction_pro...',
[BACKEND]   duration: '165ms',
[BACKEND]   rows: null
[BACKEND] }
[BACKEND] ✅ Выполнен запрос: {
[BACKEND]   text: '\n      CREATE TABLE IF NOT EXISTS user_roles (\n   ...',
[BACKEND]   duration: '159ms',
[BACKEND]   rows: null
[BACKEND] }
[BACKEND] ✅ Выполнен запрос: {
[BACKEND]   text: '\n      CREATE TABLE IF NOT EXISTS user_role_assign...',
[BACKEND]   duration: '160ms',
[BACKEND]   rows: null
[BACKEND] }
[BACKEND] 📨 GET /api/auth/me [vduxwwwnx] (1/10)
[BACKEND] 📨 GET /api/auth/me - 127.0.0.1
[BACKEND] ✅ Выполнен запрос: {
[BACKEND]   text: '\n      CREATE TABLE IF NOT EXISTS object_parameter...',
[BACKEND]   duration: '160ms',
[BACKEND]   rows: null
[BACKEND] }
[BACKEND] ✅ Выполнен запрос: {
[BACKEND]   text: '\n      SELECT id, email, firstname, lastname, comp...',
[BACKEND]   duration: '164ms',
[BACKEND]   rows: 1
[BACKEND] }
[BACKEND] ✅ Выполнен запрос: {
[BACKEND]   text: '\n      CREATE TABLE IF NOT EXISTS project_rooms (\n...',
[BACKEND]   duration: '159ms',
[BACKEND]   rows: null
[BACKEND] }
[BACKEND] 📨 GET /api/auth/me [xqsnc90d3] (1/10)
[BACKEND] 📨 GET /api/auth/me - 127.0.0.1
[BACKEND] ✅ Выполнен запрос: {
[BACKEND]   text: '\n      CREATE TABLE IF NOT EXISTS constructive_ele...',
[BACKEND]   duration: '159ms',
[BACKEND]   rows: null
[BACKEND] }
[BACKEND] 📨 GET /api/statistics [6w2b7caub] (2/10)
[BACKEND] 📨 GET /api/statistics - 127.0.0.1
[BACKEND] 📨 GET /api/orders [ee3za4dng] (3/10)
[BACKEND] 📨 GET /api/orders - 127.0.0.1
[BACKEND] ✅ Выполнен запрос: {
[BACKEND]   text: '\n      SELECT id, email, firstname, lastname, comp...',
[BACKEND]   duration: '158ms',
[BACKEND]   rows: 1
[BACKEND] }
[BACKEND] ✅ Выполнен запрос: {
[BACKEND]   text: '\n      CREATE TABLE IF NOT EXISTS engineering_syst...',
[BACKEND]   duration: '158ms',
[BACKEND]   rows: null
[BACKEND] }
[BACKEND] ✅ Выполнен запрос: {
[BACKEND]   text: '\n      CREATE TABLE IF NOT EXISTS customer_estimat...',
[BACKEND]   duration: '158ms',
[BACKEND]   rows: null
[BACKEND] }
[BACKEND] ✅ Выполнен запрос: {
[BACKEND]   text: '\n      CREATE TABLE IF NOT EXISTS customer_estimat...',
[BACKEND]   duration: '159ms',
[BACKEND]   rows: null
[BACKEND] }
[BACKEND] ✅ Выполнен запрос: {
[BACKEND]   text: '\n      CREATE TABLE IF NOT EXISTS customer_estimat...',
[BACKEND]   duration: '159ms',
[BACKEND]   rows: null
[BACKEND] }
[BACKEND] ✅ Выполнен запрос: {
[BACKEND]   text: '\n      CREATE TABLE IF NOT EXISTS customer_estimat...',
[BACKEND]   duration: '158ms',
[BACKEND]   rows: null
[BACKEND] }
[BACKEND] ✅ Выполнен запрос: {
[BACKEND]   text: '\n      CREATE TABLE IF NOT EXISTS audit_log (\n    ...',
[BACKEND]   duration: '162ms',
[BACKEND]   rows: null
[BACKEND] }
[BACKEND] ✅ Подключение к PostgreSQL установлено (ssl: on )
[BACKEND] ✅ Выполнен запрос: {
[BACKEND]   text: '\n      CREATE TABLE IF NOT EXISTS permissions (\n  ...',
[BACKEND]   duration: '159ms',
[BACKEND]   rows: null
[BACKEND] }
[BACKEND] ✅ Выполнен запрос: {
[BACKEND]   text: 'SELECT * FROM statistics ORDER BY id...',
[BACKEND]   duration: '1150ms',
[BACKEND]   rows: 4
[BACKEND] }
[BACKEND] ✅ Выполнен запрос: {
[BACKEND]   text: '\n      CREATE TABLE IF NOT EXISTS role_permissions...',
[BACKEND]   duration: '158ms',
[BACKEND]   rows: null
[BACKEND] }
[BACKEND] ✅ Подключение к PostgreSQL установлено (ssl: on )
[BACKEND] ✅ Выполнен запрос: {
[BACKEND]   text: 'ALTER TABLE construction_projects ADD COLUMN IF NO...',
[BACKEND]   duration: '165ms',
[BACKEND]   rows: null
[BACKEND] }
[BACKEND] ✅ Выполнен запрос: {
[BACKEND]   text: '\n      SELECT * FROM orders \n      ORDER BY create...',
[BACKEND]   duration: '1464ms',
[BACKEND]   rows: 8
[BACKEND] }
[BACKEND] ✅ Выполнен запрос: {
[BACKEND]   text: 'ALTER TABLE construction_projects ADD COLUMN IF NO...',
[BACKEND]   duration: '158ms',
[BACKEND]   rows: null
[BACKEND] }
[BACKEND] ✅ Выполнен запрос: {
[BACKEND]   text: 'ALTER TABLE construction_projects ADD COLUMN IF NO...',
[BACKEND]   duration: '159ms',
[BACKEND]   rows: null
[BACKEND] }
[BACKEND] 📨 GET /api/orders [xlgkg3upu] (1/10)
[BACKEND] 📨 GET /api/orders - 127.0.0.1
[BACKEND] ✅ Выполнен запрос: {
[BACKEND]   text: 'ALTER TABLE auth_users ADD COLUMN IF NOT EXISTS ph...',
[BACKEND]   duration: '159ms',
[BACKEND]   rows: null
[BACKEND] }
[BACKEND] ✅ Выполнен запрос: {
[BACKEND]   text: '\n      SELECT * FROM orders \n      ORDER BY create...',
[BACKEND]   duration: '205ms',
[BACKEND]   rows: 8
[BACKEND] }
[BACKEND] ✅ Выполнен запрос: {
[BACKEND]   text: 'ALTER TABLE auth_users ADD COLUMN IF NOT EXISTS po...',
[BACKEND]   duration: '158ms',
[BACKEND]   rows: null
[BACKEND] }
[BACKEND] ✅ Выполнен запрос: {
[BACKEND]   text: 'ALTER TABLE auth_users ADD COLUMN IF NOT EXISTS lo...',
[BACKEND]   duration: '160ms',
[BACKEND]   rows: null
[BACKEND] }
[BACKEND] ✅ Выполнен запрос: {
[BACKEND]   text: 'ALTER TABLE auth_users ADD COLUMN IF NOT EXISTS bi...',
[BACKEND]   duration: '159ms',
[BACKEND]   rows: null
[BACKEND] }
[BACKEND] ✅ Выполнен запрос: {
[BACKEND]   text: 'CREATE INDEX IF NOT EXISTS idx_construction_projec...',
[BACKEND]   duration: '159ms',
[BACKEND]   rows: null
[BACKEND] }
[BACKEND] ✅ Выполнен запрос: {
[BACKEND]   text: 'CREATE INDEX IF NOT EXISTS idx_construction_projec...',
[BACKEND]   duration: '159ms',
[BACKEND]   rows: null
[BACKEND] }
[BACKEND] ✅ Выполнен запрос: {
[BACKEND]   text: '\n      CREATE INDEX IF NOT EXISTS idx_auth_users_e...',
[BACKEND]   duration: '317ms',
[BACKEND]   rows: undefined
[BACKEND] }
[BACKEND] ✅ Выполнен запрос: {
[BACKEND]   text: 'SELECT COUNT(*) FROM permissions...',
[BACKEND]   duration: '160ms',
[BACKEND]   rows: 1
[BACKEND] }
[BACKEND] ✅ Разрешения уже инициализированы
[BACKEND] ✅ Выполнен запрос: {
[BACKEND]   text: 'SELECT COUNT(*) FROM auth_users...',
[BACKEND]   duration: '160ms',
[BACKEND]   rows: 1
[BACKEND] }
[BACKEND] ✅ Выполнен запрос: { text: 'SELECT COUNT(*) FROM orders...', duration: '159ms', rows: 1 }
[BACKEND] 📨 GET /api/customer-estimates/5 [p7eqtzfik] (1/10)
[BACKEND] 📨 GET /api/customer-estimates/5 - 127.0.0.1
[BACKEND] ✅ Выполнен запрос: {
[BACKEND]   text: 'SELECT id FROM auth_users WHERE email = $1...',
[BACKEND]   duration: '160ms',
[BACKEND]   rows: 1
[BACKEND] }
[BACKEND] 👤 Используем тестового пользователя ID: 6
[BACKEND] ❌ Ошибка выполнения запроса: {
[BACKEND]   text: '\n      SELECT \n        ce.*,\n        cp.name as pr...',
[BACKEND]   duration: '159ms',
[BACKEND]   error: 'column cp.name does not exist'
[BACKEND] }
[BACKEND] Ошибка получения сметы заказчика: error: column cp.name does not exist
[BACKEND]     at /workspaces/Smeta360-2/server/node_modules/pg/lib/client.js:545:17
[BACKEND]     at process.processTicksAndRejections (node:internal/process/task_queues:105:5)
[BACKEND]     at async query (file:///workspaces/Smeta360-2/server/database.js:166:17)
[BACKEND]     at async file:///workspaces/Smeta360-2/server/index.js:2337:20 {
[BACKEND]   length: 159,
[BACKEND]   severity: 'ERROR',
[BACKEND]   code: '42703',
[BACKEND]   detail: undefined,
[BACKEND]   hint: 'Perhaps you meant to reference the column "ce.name".',
[BACKEND]   position: '38',
[BACKEND]   internalPosition: undefined,
[BACKEND]   internalQuery: undefined,
[BACKEND]   where: undefined,
[BACKEND]   schema: undefined,
[BACKEND]   table: undefined,
[BACKEND]   column: undefined,
[BACKEND]   dataType: undefined,
[BACKEND]   constraint: undefined,
[BACKEND]   file: 'parse_relation.c',
[BACKEND]   line: '3723',
[BACKEND]   routine: 'errorMissingColumn'
[BACKEND] }
[BACKEND] Terminated
[BACKEND] npm run server exited with code 143
[FRONTEND] npm run client exited with code SIGTERM
