nohup: ignoring input

> mantis-material-free-react@1.6.0 start:all
> concurrently --names "BACKEND,FRONTEND" --prefix-colors "bgBlue,bgGreen" "npm run server" "npm run client"

[FRONTEND] 
[FRONTEND] > mantis-material-free-react@1.6.0 client
[FRONTEND] > vite
[FRONTEND] 
[BACKEND] 
[BACKEND] > mantis-material-free-react@1.6.0 server
[BACKEND] > cd server && node index.js
[BACKEND] 
[BACKEND] 🔑 DATABASE_URL загружен: postgres:***@azap001-kiy026-3dfc.j.aivencloud.com:11433/defaultdb?sslmode=require
[BACKEND] 🔍 DB META: {
[BACKEND]   host: 'azap001-kiy026-3dfc.j.aivencloud.com',
[BACKEND]   port: '11433',
[BACKEND]   user: 'avnadmin',
[BACKEND]   passwordLength: 24,
[BACKEND]   hasPassword: true,
[BACKEND]   database: 'defaultdb'
[BACKEND] }
[BACKEND] 🔧 Aiven Cloud: используем sslmode=prefer
[BACKEND] 🔧 Aiven Cloud: отключена проверка SSL сертификата
[BACKEND] ⚠️ Не удалось прочитать CA сертификат: ENOENT: no such file or directory, open './ca.pem'
[BACKEND] 🚀 Запуск исправленного сервера...
[BACKEND] 🔧 Настроена расширенная CORS политика
[FRONTEND] 
[FRONTEND]   VITE v7.0.4  ready in 365 ms
[FRONTEND] 
[FRONTEND]   ➜  Local:   http://localhost:3000/
[FRONTEND]   ➜  Network: http://10.0.12.61:3000/
[BACKEND] 🚀 Сервер запущен на http://localhost:3001
[BACKEND] 📊 API доступно по адресу: http://localhost:3001/api/test
[BACKEND] 🌐 Внешний доступ через порт: 3001
[BACKEND] (node:59979) Warning: Setting the NODE_TLS_REJECT_UNAUTHORIZED environment variable to '0' makes TLS connections and HTTPS requests insecure by disabling certificate verification.
[BACKEND] (Use `node --trace-warnings ...` to show where the warning was created)
[BACKEND] ✅ Подключение к PostgreSQL установлено (ssl: on )
[BACKEND] ✅ Подключение к PostgreSQL установлено (ssl: on )
[BACKEND] ✅ Выполнен запрос: {
[BACKEND]   text: 'SELECT NOW() as current_time...',
[BACKEND]   duration: '1306ms',
[BACKEND]   rows: 1
[BACKEND] }
[BACKEND] ✅ Подключение к базе данных проверено: 2025-09-30T13:27:07.163Z
[BACKEND] ✅ Выполнен запрос: {
[BACKEND]   text: '\n      CREATE TABLE IF NOT EXISTS auth_users (\n   ...',
[BACKEND]   duration: '160ms',
[BACKEND]   rows: null
[BACKEND] }
[BACKEND] ✅ Выполнен запрос: {
[BACKEND]   text: '\n      CREATE TABLE IF NOT EXISTS user_sessions (\n...',
[BACKEND]   duration: '159ms',
[BACKEND]   rows: null
[BACKEND] }
[BACKEND] ✅ Выполнен запрос: {
[BACKEND]   text: '\n      CREATE INDEX IF NOT EXISTS idx_auth_users_e...',
[BACKEND]   duration: '179ms',
[BACKEND]   rows: undefined
[BACKEND] }
[BACKEND] ✅ Выполнен запрос: {
[BACKEND]   text: '\n      CREATE TABLE IF NOT EXISTS users (\n        ...',
[BACKEND]   duration: '159ms',
[BACKEND]   rows: null
[BACKEND] }
[BACKEND] ✅ Выполнен запрос: {
[BACKEND]   text: '\n      CREATE TABLE IF NOT EXISTS orders (\n       ...',
[BACKEND]   duration: '159ms',
[BACKEND]   rows: null
[BACKEND] }
[BACKEND] ✅ Выполнен запрос: {
[BACKEND]   text: '\n      CREATE TABLE IF NOT EXISTS statistics (\n   ...',
[BACKEND]   duration: '160ms',
[BACKEND]   rows: null
[BACKEND] }
[BACKEND] ✅ Выполнен запрос: {
[BACKEND]   text: '\n      CREATE TABLE IF NOT EXISTS work_materials (...',
[BACKEND]   duration: '161ms',
[BACKEND]   rows: null
[BACKEND] }
[BACKEND] ✅ Выполнен запрос: {
[BACKEND]   text: '\n      CREATE TABLE IF NOT EXISTS construction_pro...',
[BACKEND]   duration: '159ms',
[BACKEND]   rows: null
[BACKEND] }
[BACKEND] 📨 GET /api/auth/me [5il20o5ao] (1/10)
[BACKEND] ✅ Выполнен запрос: {
[BACKEND]   text: '\n      CREATE TABLE IF NOT EXISTS user_roles (\n   ...',
[BACKEND]   duration: '177ms',
[BACKEND]   rows: null
[BACKEND] }
[BACKEND] 📨 GET /api/auth/me - 127.0.0.1
[BACKEND] ✅ Выполнен запрос: {
[BACKEND]   text: '\n      CREATE TABLE IF NOT EXISTS user_role_assign...',
[BACKEND]   duration: '159ms',
[BACKEND]   rows: null
[BACKEND] }
[BACKEND] ✅ Выполнен запрос: {
[BACKEND]   text: '\n      SELECT id, email, firstname, lastname, comp...',
[BACKEND]   duration: '164ms',
[BACKEND]   rows: 1
[BACKEND] }
[BACKEND] ✅ Выполнен запрос: {
[BACKEND]   text: '\n      CREATE TABLE IF NOT EXISTS object_parameter...',
[BACKEND]   duration: '159ms',
[BACKEND]   rows: null
[BACKEND] }
[BACKEND] 📨 GET /api/auth/me [v2y64dgm7] (1/10)
[BACKEND] 📨 GET /api/auth/me - 127.0.0.1
[BACKEND] ✅ Выполнен запрос: {
[BACKEND]   text: '\n      CREATE TABLE IF NOT EXISTS project_rooms (\n...',
[BACKEND]   duration: '159ms',
[BACKEND]   rows: null
[BACKEND] }
[BACKEND] ✅ Выполнен запрос: {
[BACKEND]   text: '\n      SELECT id, email, firstname, lastname, comp...',
[BACKEND]   duration: '161ms',
[BACKEND]   rows: 1
[BACKEND] }
[BACKEND] ✅ Выполнен запрос: {
[BACKEND]   text: '\n      CREATE TABLE IF NOT EXISTS constructive_ele...',
[BACKEND]   duration: '159ms',
[BACKEND]   rows: null
[BACKEND] }
[BACKEND] 📨 GET /api/statistics [1ejrvo6ab] (1/10)
[BACKEND] 📨 GET /api/statistics - 127.0.0.1
[BACKEND] 📨 GET /api/orders [uw6ewx0jd] (2/10)
[BACKEND] 📨 GET /api/orders - 127.0.0.1
[BACKEND] ✅ Выполнен запрос: {
[BACKEND]   text: '\n      CREATE TABLE IF NOT EXISTS engineering_syst...',
[BACKEND]   duration: '159ms',
[BACKEND]   rows: null
[BACKEND] }
[BACKEND] ✅ Выполнен запрос: {
[BACKEND]   text: 'SELECT * FROM statistics ORDER BY id...',
[BACKEND]   duration: '160ms',
[BACKEND]   rows: 4
[BACKEND] }
[BACKEND] ✅ Выполнен запрос: {
[BACKEND]   text: '\n      CREATE TABLE IF NOT EXISTS customer_estimat...',
[BACKEND]   duration: '159ms',
[BACKEND]   rows: null
[BACKEND] }
[BACKEND] ✅ Выполнен запрос: {
[BACKEND]   text: '\n      CREATE TABLE IF NOT EXISTS customer_estimat...',
[BACKEND]   duration: '159ms',
[BACKEND]   rows: null
[BACKEND] }
[BACKEND] ✅ Выполнен запрос: {
[BACKEND]   text: '\n      CREATE TABLE IF NOT EXISTS customer_estimat...',
[BACKEND]   duration: '159ms',
[BACKEND]   rows: null
[BACKEND] }
[BACKEND] ✅ Выполнен запрос: {
[BACKEND]   text: '\n      CREATE TABLE IF NOT EXISTS customer_estimat...',
[BACKEND]   duration: '159ms',
[BACKEND]   rows: null
[BACKEND] }
[BACKEND] ✅ Выполнен запрос: {
[BACKEND]   text: '\n      CREATE TABLE IF NOT EXISTS audit_log (\n    ...',
[BACKEND]   duration: '159ms',
[BACKEND]   rows: null
[BACKEND] }
[BACKEND] ✅ Выполнен запрос: {
[BACKEND]   text: '\n      CREATE TABLE IF NOT EXISTS permissions (\n  ...',
[BACKEND]   duration: '159ms',
[BACKEND]   rows: null
[BACKEND] }
[BACKEND] ✅ Выполнен запрос: {
[BACKEND]   text: '\n      CREATE TABLE IF NOT EXISTS role_permissions...',
[BACKEND]   duration: '160ms',
[BACKEND]   rows: null
[BACKEND] }
[BACKEND] ✅ Выполнен запрос: {
[BACKEND]   text: 'ALTER TABLE construction_projects ADD COLUMN IF NO...',
[BACKEND]   duration: '159ms',
[BACKEND]   rows: null
[BACKEND] }
[BACKEND] ✅ Подключение к PostgreSQL установлено (ssl: on )
[BACKEND] ✅ Выполнен запрос: {
[BACKEND]   text: 'ALTER TABLE construction_projects ADD COLUMN IF NO...',
[BACKEND]   duration: '159ms',
[BACKEND]   rows: null
[BACKEND] }
[BACKEND] ✅ Выполнен запрос: {
[BACKEND]   text: '\n      SELECT * FROM orders \n      ORDER BY create...',
[BACKEND]   duration: '1699ms',
[BACKEND]   rows: 8
[BACKEND] }
[BACKEND] ✅ Выполнен запрос: {
[BACKEND]   text: 'ALTER TABLE construction_projects ADD COLUMN IF NO...',
[BACKEND]   duration: '159ms',
[BACKEND]   rows: null
[BACKEND] }
[BACKEND] ✅ Выполнен запрос: {
[BACKEND]   text: 'ALTER TABLE auth_users ADD COLUMN IF NOT EXISTS ph...',
[BACKEND]   duration: '159ms',
[BACKEND]   rows: null
[BACKEND] }
[BACKEND] 📨 GET /api/orders [rrhd6u2sq] (1/10)
[BACKEND] 📨 GET /api/orders - 127.0.0.1
[BACKEND] ✅ Выполнен запрос: {
[BACKEND]   text: 'ALTER TABLE auth_users ADD COLUMN IF NOT EXISTS po...',
[BACKEND]   duration: '159ms',
[BACKEND]   rows: null
[BACKEND] }
[BACKEND] ✅ Выполнен запрос: {
[BACKEND]   text: '\n      SELECT * FROM orders \n      ORDER BY create...',
[BACKEND]   duration: '236ms',
[BACKEND]   rows: 8
[BACKEND] }
[BACKEND] ✅ Выполнен запрос: {
[BACKEND]   text: 'ALTER TABLE auth_users ADD COLUMN IF NOT EXISTS lo...',
[BACKEND]   duration: '159ms',
[BACKEND]   rows: null
[BACKEND] }
[BACKEND] ✅ Выполнен запрос: {
[BACKEND]   text: 'ALTER TABLE auth_users ADD COLUMN IF NOT EXISTS bi...',
[BACKEND]   duration: '159ms',
[BACKEND]   rows: null
[BACKEND] }
[BACKEND] ✅ Выполнен запрос: {
[BACKEND]   text: 'CREATE INDEX IF NOT EXISTS idx_construction_projec...',
[BACKEND]   duration: '159ms',
[BACKEND]   rows: null
[BACKEND] }
[BACKEND] ✅ Выполнен запрос: {
[BACKEND]   text: 'CREATE INDEX IF NOT EXISTS idx_construction_projec...',
[BACKEND]   duration: '159ms',
[BACKEND]   rows: null
[BACKEND] }
[BACKEND] ✅ Выполнен запрос: {
[BACKEND]   text: '\n      CREATE INDEX IF NOT EXISTS idx_auth_users_e...',
[BACKEND]   duration: '168ms',
[BACKEND]   rows: undefined
[BACKEND] }
[BACKEND] ✅ Выполнен запрос: {
[BACKEND]   text: 'SELECT COUNT(*) FROM permissions...',
[BACKEND]   duration: '161ms',
[BACKEND]   rows: 1
[BACKEND] }
[BACKEND] ✅ Разрешения уже инициализированы
[BACKEND] ✅ Выполнен запрос: {
[BACKEND]   text: 'SELECT COUNT(*) FROM auth_users...',
[BACKEND]   duration: '160ms',
[BACKEND]   rows: 1
[BACKEND] }
[BACKEND] ✅ Выполнен запрос: { text: 'SELECT COUNT(*) FROM orders...', duration: '160ms', rows: 1 }
[BACKEND] 📨 GET /api/customer-estimates/5 [tjroau9wo] (1/10)
[BACKEND] 📨 GET /api/customer-estimates/5 - 127.0.0.1
[BACKEND] ✅ Выполнен запрос: {
[BACKEND]   text: 'SELECT id FROM auth_users WHERE email = $1...',
[BACKEND]   duration: '160ms',
[BACKEND]   rows: 1
[BACKEND] }
[BACKEND] 👤 Используем тестового пользователя ID: 6
[BACKEND] ✅ Выполнен запрос: {
[BACKEND]   text: '\n      SELECT \n        ce.*\n      FROM customer_es...',
[BACKEND]   duration: '161ms',
[BACKEND]   rows: 1
[BACKEND] }
[BACKEND] 📨 GET /api/auth/me [fy4e38wn1] (1/10)
[BACKEND] 📨 GET /api/auth/me - 127.0.0.1
[BACKEND] ✅ Выполнен запрос: {
[BACKEND]   text: '\n      SELECT id, email, firstname, lastname, comp...',
[BACKEND]   duration: '159ms',
[BACKEND]   rows: 1
[BACKEND] }
[BACKEND] 📨 GET /api/auth/me [52z9de6x6] (1/10)
[BACKEND] 📨 GET /api/auth/me - 127.0.0.1
[BACKEND] 📨 GET /api/statistics [x58ty6xu1] (2/10)
[BACKEND] 📨 GET /api/statistics - 127.0.0.1
[BACKEND] 📨 GET /api/orders [6nopj5h0w] (3/10)
[BACKEND] 📨 GET /api/orders - 127.0.0.1
[BACKEND] ✅ Выполнен запрос: {
[BACKEND]   text: '\n      SELECT id, email, firstname, lastname, comp...',
[BACKEND]   duration: '159ms',
[BACKEND]   rows: 1
[BACKEND] }
[BACKEND] ✅ Выполнен запрос: {
[BACKEND]   text: '\n      SELECT * FROM orders \n      ORDER BY create...',
[BACKEND]   duration: '174ms',
[BACKEND]   rows: 8
[BACKEND] }
[BACKEND] ✅ Выполнен запрос: {
[BACKEND]   text: 'SELECT * FROM statistics ORDER BY id...',
[BACKEND]   duration: '241ms',
[BACKEND]   rows: 4
[BACKEND] }
[BACKEND] 📨 GET /api/orders [7ys9lkifk] (1/10)
[BACKEND] 📨 GET /api/orders - 127.0.0.1
[BACKEND] ✅ Выполнен запрос: {
[BACKEND]   text: '\n      SELECT * FROM orders \n      ORDER BY create...',
[BACKEND]   duration: '236ms',
[BACKEND]   rows: 8
[BACKEND] }
[BACKEND] 📨 GET /api/materials [p5be208dk] (1/10)
[BACKEND] 📨 GET /api/materials - 127.0.0.1
[BACKEND] 📨 GET /api/works [56fs9bh19] (2/10)
[BACKEND] 📨 GET /api/works - 127.0.0.1
[BACKEND] 📨 GET /api/work-materials [72dtd9big] (3/10)
[BACKEND] 📨 GET /api/work-materials - 127.0.0.1
[BACKEND] ✅ Выполнен запрос: {
[BACKEND]   text: '\n      SELECT \n        w.*,\n        p.name as phas...',
[BACKEND]   duration: '678ms',
[BACKEND]   rows: 540
[BACKEND] }
[BACKEND] ✅ Выполнен запрос: {
[BACKEND]   text: '\n      SELECT\n        wm.*,\n        w.name as work...',
[BACKEND]   duration: '1058ms',
[BACKEND]   rows: 1425
[BACKEND] }
[BACKEND] ✅ Выполнен запрос: {
[BACKEND]   text: 'SELECT * FROM materials ORDER BY name...',
[BACKEND]   duration: '1474ms',
[BACKEND]   rows: 1447
[BACKEND] }
[BACKEND] 📨 GET /api/works [gawvl4cs5] (1/10)
[BACKEND] 📨 GET /api/works - 127.0.0.1
[BACKEND] 📨 GET /api/customer-estimates [a5zwe998n] (2/10)
[BACKEND] 📨 GET /api/materials [j1jw1emj1] (3/10)
[BACKEND] 📨 GET /api/customer-estimates - 127.0.0.1
[BACKEND] 📨 GET customer-estimates запрос получен
[BACKEND] 🔍 Выполняем запрос: 
[BACKEND]       SELECT 
[BACKEND]         ce.*,
[BACKEND]         COUNT(cei.id) as items_count
[BACKEND]       FROM customer_estimates ce
[BACKEND]       LEFT JOIN customer_estimate_items cei ON ce.id = cei.estimate_id
[BACKEND]       GROUP BY ce.id
[BACKEND]       ORDER BY ce.created_at DESC
[BACKEND]     
[BACKEND] 📨 GET /api/materials - 127.0.0.1
[BACKEND] ✅ Выполнен запрос: {
[BACKEND]   text: '\n      SELECT \n        ce.*,\n        COUNT(cei.id)...',
[BACKEND]   duration: '162ms',
[BACKEND]   rows: 6
[BACKEND] }
[BACKEND] 📊 Результат запроса: 6 смет найдено
[BACKEND] 📋 Первые данные: [
[BACKEND]   {
[BACKEND]     id: 6,
[BACKEND]     project_id: null,
[BACKEND]     name: 'Алия',
[BACKEND]     description: null,
[BACKEND]     version: 1,
[BACKEND]     status: 'draft',
[BACKEND]     total_amount: '0.00',
[BACKEND]     work_coefficient: '1.000',
[BACKEND]     material_coefficient: '1.000',
[BACKEND]     user_id: 6,
[BACKEND]     tenant_id: null,
[BACKEND]     created_at: 2025-09-30T12:46:27.171Z,
[BACKEND]     updated_at: 2025-09-30T12:46:27.171Z,
[BACKEND]     approved_at: null,
[BACKEND]     approved_by: null,
[BACKEND]     items_count: '0'
[BACKEND]   },
[BACKEND]   {
[BACKEND]     id: 5,
[BACKEND]     project_id: null,
[BACKEND]     name: '1',
[BACKEND]     description: null,
[BACKEND]     version: 1,
[BACKEND]     status: 'draft',
[BACKEND]     total_amount: '0.00',
[BACKEND]     work_coefficient: '1.000',
[BACKEND]     material_coefficient: '1.000',
[BACKEND]     user_id: 6,
[BACKEND]     tenant_id: null,
[BACKEND]     created_at: 2025-09-30T10:26:59.645Z,
[BACKEND]     updated_at: 2025-09-30T10:26:59.645Z,
[BACKEND]     approved_at: null,
[BACKEND]     approved_by: null,
[BACKEND]     items_count: '2'
[BACKEND]   }
[BACKEND] ]
[BACKEND] 📨 GET /api/customer-estimates/6/items [f69u154u3] (3/10)
[BACKEND] 📨 GET /api/customer-estimates/6/items - 127.0.0.1
[BACKEND] Получение элементов сметы для ID: 6
[BACKEND] ✅ Выполнен запрос: {
[BACKEND]   text: 'SELECT id FROM customer_estimates WHERE id = $1...',
[BACKEND]   duration: '159ms',
[BACKEND]   rows: 1
[BACKEND] }
[BACKEND] ✅ Выполнен запрос: {
[BACKEND]   text: '\n      SELECT * FROM customer_estimate_items \n    ...',
[BACKEND]   duration: '160ms',
[BACKEND]   rows: 0
[BACKEND] }
[BACKEND] Найдено 0 элементов для сметы 6
[BACKEND] ✅ Выполнен запрос: {
[BACKEND]   text: '\n      SELECT \n        w.*,\n        p.name as phas...',
[BACKEND]   duration: '958ms',
[BACKEND]   rows: 540
[BACKEND] }
[BACKEND] ✅ Выполнен запрос: {
[BACKEND]   text: 'SELECT * FROM materials ORDER BY name...',
[BACKEND]   duration: '962ms',
[BACKEND]   rows: 1447
[BACKEND] }
[BACKEND] 📨 GET /api/work-materials [lxtxt27cw] (1/10)
[BACKEND] 📨 GET /api/work-materials - 127.0.0.1
[BACKEND] 📨 GET /api/works [i57owwcln] (2/10)
[BACKEND] 📨 GET /api/works - 127.0.0.1
[BACKEND] 📨 GET /api/materials [mr72znwr0] (3/10)
[BACKEND] 📨 GET /api/materials - 127.0.0.1
[BACKEND] ✅ Выполнен запрос: {
[BACKEND]   text: '\n      SELECT \n        w.*,\n        p.name as phas...',
[BACKEND]   duration: '979ms',
[BACKEND]   rows: 540
[BACKEND] }
[BACKEND] ✅ Выполнен запрос: {
[BACKEND]   text: '\n      SELECT\n        wm.*,\n        w.name as work...',
[BACKEND]   duration: '1051ms',
[BACKEND]   rows: 1425
[BACKEND] }
[BACKEND] ✅ Выполнен запрос: {
[BACKEND]   text: 'SELECT * FROM materials ORDER BY name...',
[BACKEND]   duration: '1123ms',
[BACKEND]   rows: 1447
[BACKEND] }
[BACKEND] 📨 GET /api/customer-estimates/6 [gucbrxn8v] (1/10)
[BACKEND] 📨 GET /api/customer-estimates/6 - 127.0.0.1
[BACKEND] ✅ Выполнен запрос: {
[BACKEND]   text: 'SELECT id FROM auth_users WHERE email = $1...',
[BACKEND]   duration: '160ms',
[BACKEND]   rows: 1
[BACKEND] }
[BACKEND] 👤 Используем тестового пользователя ID: 6
[BACKEND] ✅ Выполнен запрос: {
[BACKEND]   text: '\n      SELECT \n        ce.*\n      FROM customer_es...',
[BACKEND]   duration: '160ms',
[BACKEND]   rows: 1
[BACKEND] }
[BACKEND] 📨 GET /api/customer-estimates/6/items [iqxzum1xb] (1/10)
[BACKEND] 📨 GET /api/customer-estimates/6/items - 127.0.0.1
[BACKEND] Получение элементов сметы для ID: 6
[BACKEND] ✅ Выполнен запрос: {
[BACKEND]   text: 'SELECT id FROM customer_estimates WHERE id = $1...',
[BACKEND]   duration: '161ms',
[BACKEND]   rows: 1
[BACKEND] }
[BACKEND] ✅ Выполнен запрос: {
[BACKEND]   text: '\n      SELECT * FROM customer_estimate_items \n    ...',
[BACKEND]   duration: '160ms',
[BACKEND]   rows: 0
[BACKEND] }
[BACKEND] Найдено 0 элементов для сметы 6
[BACKEND] 📨 POST /api/customer-estimates/6/items [r6vtaw5wi] (1/10)
[BACKEND] 📨 POST /api/customer-estimates/6/items - 127.0.0.1
[BACKEND] Добавление элемента в смету ID: 6
[BACKEND] Получены данные для добавления: {
[BACKEND]   item_type: 'work',
[BACKEND]   reference_id: 'block_1759238885196_qao84fhjt',
[BACKEND]   name: 'Очистка потолка от масляной краски или клея',
[BACKEND]   unit: 'м2',
[BACKEND]   quantity: 1,
[BACKEND]   unit_price: 1,
[BACKEND]   total_amount: 1,
[BACKEND]   sort_order: 0
[BACKEND] }
[BACKEND] ✅ Выполнен запрос: {
[BACKEND]   text: 'SELECT id FROM customer_estimates WHERE id = $1...',
[BACKEND]   duration: '160ms',
[BACKEND]   rows: 1
[BACKEND] }
[BACKEND] ✅ Выполнен запрос: {
[BACKEND]   text: '\n      INSERT INTO customer_estimate_items (\n     ...',
[BACKEND]   duration: '169ms',
[BACKEND]   rows: 1
[BACKEND] }
[BACKEND] Элемент успешно добавлен: 58
[BACKEND] 📨 POST /api/customer-estimates/6/items [shqn2buku] (1/10)
[BACKEND] 📨 POST /api/customer-estimates/6/items - 127.0.0.1
[BACKEND] Добавление элемента в смету ID: 6
[BACKEND] Получены данные для добавления: {
[BACKEND]   item_type: 'material',
[BACKEND]   reference_id: 'block_1759238885196_qao84fhjt',
[BACKEND]   name: '11055351008(11370951001) REHAU RAUTITAN Кронштейн, тип Е',
[BACKEND]   unit: 'шт.',
[BACKEND]   quantity: 1,
[BACKEND]   unit_price: 387.6,
[BACKEND]   total_amount: 387.6,
[BACKEND]   sort_order: 1
[BACKEND] }
[BACKEND] ✅ Выполнен запрос: {
[BACKEND]   text: 'SELECT id FROM customer_estimates WHERE id = $1...',
[BACKEND]   duration: '162ms',
[BACKEND]   rows: 1
[BACKEND] }
[BACKEND] ✅ Выполнен запрос: {
[BACKEND]   text: '\n      INSERT INTO customer_estimate_items (\n     ...',
[BACKEND]   duration: '160ms',
[BACKEND]   rows: 1
[BACKEND] }
[BACKEND] Элемент успешно добавлен: 59
[BACKEND] 📨 POST /api/customer-estimates/6/items [dumbj2euy] (1/10)
[BACKEND] 📨 POST /api/customer-estimates/6/items - 127.0.0.1
[BACKEND] Добавление элемента в смету ID: 6
[BACKEND] Получены данные для добавления: {
[BACKEND]   item_type: 'material',
[BACKEND]   reference_id: 'block_1759238885196_qao84fhjt',
[BACKEND]   name: '11056233008 Монтажная шина РЕХАУ, 2 м',
[BACKEND]   unit: 'шт.',
[BACKEND]   quantity: 1,
[BACKEND]   unit_price: 2629.6,
[BACKEND]   total_amount: 2629.6,
[BACKEND]   sort_order: 2
[BACKEND] }
[BACKEND] ✅ Выполнен запрос: {
[BACKEND]   text: 'SELECT id FROM customer_estimates WHERE id = $1...',
[BACKEND]   duration: '171ms',
[BACKEND]   rows: 1
[BACKEND] }
[BACKEND] ✅ Выполнен запрос: {
[BACKEND]   text: '\n      INSERT INTO customer_estimate_items (\n     ...',
[BACKEND]   duration: '160ms',
[BACKEND]   rows: 1
[BACKEND] }
[BACKEND] Элемент успешно добавлен: 60
[BACKEND] 📨 POST /api/customer-estimates/6/items [z2mjvpbao] (1/10)
[BACKEND] 📨 POST /api/customer-estimates/6/items - 127.0.0.1
[BACKEND] Добавление элемента в смету ID: 6
[BACKEND] Получены данные для добавления: {
[BACKEND]   item_type: 'material',
[BACKEND]   reference_id: 'block_1759238885196_qao84fhjt',
[BACKEND]   name: '11080041001 РЕХАУ Монтажная гильза РЕХАУ 32 LX для труб из сшитого полиэтилена аксиальная',
[BACKEND]   unit: 'шт.',
[BACKEND]   quantity: 1,
[BACKEND]   unit_price: 492.1,
[BACKEND]   total_amount: 492.1,
[BACKEND]   sort_order: 3
[BACKEND] }
[BACKEND] 📨 GET /api/customer-estimates/6 [jd1fap557] (2/10)
[BACKEND] 📨 GET /api/customer-estimates/6 - 127.0.0.1
[BACKEND] ✅ Выполнен запрос: {
[BACKEND]   text: 'SELECT id FROM customer_estimates WHERE id = $1...',
[BACKEND]   duration: '163ms',
[BACKEND]   rows: 1
[BACKEND] }
[BACKEND] ✅ Выполнен запрос: {
[BACKEND]   text: 'SELECT id FROM auth_users WHERE email = $1...',
[BACKEND]   duration: '159ms',
[BACKEND]   rows: 1
[BACKEND] }
[BACKEND] 👤 Используем тестового пользователя ID: 6
[BACKEND] ✅ Выполнен запрос: {
[BACKEND]   text: '\n      INSERT INTO customer_estimate_items (\n     ...',
[BACKEND]   duration: '164ms',
[BACKEND]   rows: 1
[BACKEND] }
[BACKEND] Элемент успешно добавлен: 61
[BACKEND] ✅ Выполнен запрос: {
[BACKEND]   text: '\n      SELECT \n        ce.*\n      FROM customer_es...',
[BACKEND]   duration: '168ms',
[BACKEND]   rows: 1
[BACKEND] }
[BACKEND] 📨 GET /api/customer-estimates/6/items [ul66jnvuf] (1/10)
[BACKEND] 📨 GET /api/customer-estimates/6/items - 127.0.0.1
[BACKEND] Получение элементов сметы для ID: 6
[BACKEND] ✅ Выполнен запрос: {
[BACKEND]   text: 'SELECT id FROM customer_estimates WHERE id = $1...',
[BACKEND]   duration: '159ms',
[BACKEND]   rows: 1
[BACKEND] }
[BACKEND] ✅ Выполнен запрос: {
[BACKEND]   text: '\n      SELECT * FROM customer_estimate_items \n    ...',
[BACKEND]   duration: '160ms',
[BACKEND]   rows: 4
[BACKEND] }
[BACKEND] Найдено 4 элементов для сметы 6
[BACKEND] 📨 POST /api/customer-estimates/6/items [5m2pvfjbd] (1/10)
[BACKEND] 📨 POST /api/customer-estimates/6/items - 127.0.0.1
[BACKEND] Добавление элемента в смету ID: 6
[BACKEND] Получены данные для добавления: {
[BACKEND]   item_type: 'work',
[BACKEND]   reference_id: 'block_1759238887659_9egvb1n9a',
[BACKEND]   name: 'Очистка потолка от шпаклевки/водоэмульсионной краски',
[BACKEND]   unit: 'м2',
[BACKEND]   quantity: 1,
[BACKEND]   unit_price: 2,
[BACKEND]   total_amount: 2,
[BACKEND]   sort_order: 4
[BACKEND] }
[BACKEND] ✅ Выполнен запрос: {
[BACKEND]   text: 'SELECT id FROM customer_estimates WHERE id = $1...',
[BACKEND]   duration: '165ms',
[BACKEND]   rows: 1
[BACKEND] }
[BACKEND] 📨 GET /api/materials [5u790xrsf] (2/10)
[BACKEND] 📨 GET /api/materials - 127.0.0.1
[BACKEND] 📨 GET /api/customer-estimates [uhvi5v7xg] (3/10)
[BACKEND] 📨 GET /api/customer-estimates - 127.0.0.1
[BACKEND] 📨 GET customer-estimates запрос получен
[BACKEND] 🔍 Выполняем запрос: 
[BACKEND]       SELECT 
[BACKEND]         ce.*,
[BACKEND]         COUNT(cei.id) as items_count
[BACKEND]       FROM customer_estimates ce
[BACKEND]       LEFT JOIN customer_estimate_items cei ON ce.id = cei.estimate_id
[BACKEND]       GROUP BY ce.id
[BACKEND]       ORDER BY ce.created_at DESC
[BACKEND]     
[BACKEND] 📨 GET /api/works [1g67np5jl] (4/10)
[BACKEND] 📨 GET /api/works - 127.0.0.1
[BACKEND] ✅ Выполнен запрос: {
[BACKEND]   text: '\n      INSERT INTO customer_estimate_items (\n     ...',
[BACKEND]   duration: '161ms',
[BACKEND]   rows: 1
[BACKEND] }
[BACKEND] Элемент успешно добавлен: 62
[BACKEND] 📨 POST /api/customer-estimates/6/items [2de6dh5q8] (4/10)
[BACKEND] 📨 POST /api/customer-estimates/6/items - 127.0.0.1
[BACKEND] Добавление элемента в смету ID: 6
[BACKEND] Получены данные для добавления: {
[BACKEND]   item_type: 'material',
[BACKEND]   reference_id: 'block_1759238887659_9egvb1n9a',
[BACKEND]   name: 'Чашка алмазная по бетону Trio-Diamond Turbo 125х22,2 мм',
[BACKEND]   unit: 'шт.',
[BACKEND]   quantity: 1,
[BACKEND]   unit_price: 1529,
[BACKEND]   total_amount: 1529,
[BACKEND]   sort_order: 5
[BACKEND] }
[BACKEND] ✅ Выполнен запрос: {
[BACKEND]   text: '\n      SELECT \n        ce.*,\n        COUNT(cei.id)...',
[BACKEND]   duration: '244ms',
[BACKEND]   rows: 6
[BACKEND] }
[BACKEND] 📊 Результат запроса: 6 смет найдено
[BACKEND] 📋 Первые данные: [
[BACKEND]   {
[BACKEND]     id: 6,
[BACKEND]     project_id: null,
[BACKEND]     name: 'Алия',
[BACKEND]     description: null,
[BACKEND]     version: 1,
[BACKEND]     status: 'draft',
[BACKEND]     total_amount: '0.00',
[BACKEND]     work_coefficient: '1.000',
[BACKEND]     material_coefficient: '1.000',
[BACKEND]     user_id: 6,
[BACKEND]     tenant_id: null,
[BACKEND]     created_at: 2025-09-30T12:46:27.171Z,
[BACKEND]     updated_at: 2025-09-30T12:46:27.171Z,
[BACKEND]     approved_at: null,
[BACKEND]     approved_by: null,
[BACKEND]     items_count: '5'
[BACKEND]   },
[BACKEND]   {
[BACKEND]     id: 5,
[BACKEND]     project_id: null,
[BACKEND]     name: '1',
[BACKEND]     description: null,
[BACKEND]     version: 1,
[BACKEND]     status: 'draft',
[BACKEND]     total_amount: '0.00',
[BACKEND]     work_coefficient: '1.000',
[BACKEND]     material_coefficient: '1.000',
[BACKEND]     user_id: 6,
[BACKEND]     tenant_id: null,
[BACKEND]     created_at: 2025-09-30T10:26:59.645Z,
[BACKEND]     updated_at: 2025-09-30T10:26:59.645Z,
[BACKEND]     approved_at: null,
[BACKEND]     approved_by: null,
[BACKEND]     items_count: '2'
[BACKEND]   }
[BACKEND] ]
[BACKEND] ✅ Выполнен запрос: {
[BACKEND]   text: 'SELECT id FROM customer_estimates WHERE id = $1...',
[BACKEND]   duration: '163ms',
[BACKEND]   rows: 1
[BACKEND] }
[BACKEND] 📨 GET /api/customer-estimates/6/items [c6rp7yupo] (4/10)
[BACKEND] 📨 GET /api/customer-estimates/6/items - 127.0.0.1
[BACKEND] Получение элементов сметы для ID: 6
[BACKEND] ✅ Выполнен запрос: {
[BACKEND]   text: '\n      INSERT INTO customer_estimate_items (\n     ...',
[BACKEND]   duration: '161ms',
[BACKEND]   rows: 1
[BACKEND] }
[BACKEND] Элемент успешно добавлен: 63
[BACKEND] ✅ Выполнен запрос: {
[BACKEND]   text: 'SELECT id FROM customer_estimates WHERE id = $1...',
[BACKEND]   duration: '241ms',
[BACKEND]   rows: 1
[BACKEND] }
[BACKEND] 📨 POST /api/customer-estimates/6/items [v5a0bp9qn] (4/10)
[BACKEND] 📨 POST /api/customer-estimates/6/items - 127.0.0.1
[BACKEND] Добавление элемента в смету ID: 6
[BACKEND] Получены данные для добавления: {
[BACKEND]   item_type: 'material',
[BACKEND]   reference_id: 'block_1759238887659_9egvb1n9a',
[BACKEND]   name: 'Шпатель малярный Wenzo 100 мм с эргономичной ручкой и отверткой (684772)',
[BACKEND]   unit: 'шт.',
[BACKEND]   quantity: 1,
[BACKEND]   unit_price: 388,
[BACKEND]   total_amount: 388,
[BACKEND]   sort_order: 6
[BACKEND] }
[BACKEND] ✅ Выполнен запрос: {
[BACKEND]   text: '\n      SELECT * FROM customer_estimate_items \n    ...',
[BACKEND]   duration: '236ms',
[BACKEND]   rows: 6
[BACKEND] }
[BACKEND] Найдено 6 элементов для сметы 6
[BACKEND] ✅ Выполнен запрос: {
[BACKEND]   text: 'SELECT * FROM materials ORDER BY name...',
[BACKEND]   duration: '995ms',
[BACKEND]   rows: 1447
[BACKEND] }
[BACKEND] ✅ Выполнен запрос: {
[BACKEND]   text: 'SELECT id FROM customer_estimates WHERE id = $1...',
[BACKEND]   duration: '160ms',
[BACKEND]   rows: 1
[BACKEND] }
[BACKEND] ✅ Подключение к PostgreSQL установлено (ssl: on )
[BACKEND] ✅ Выполнен запрос: {
[BACKEND]   text: '\n      INSERT INTO customer_estimate_items (\n     ...',
[BACKEND]   duration: '160ms',
[BACKEND]   rows: 1
[BACKEND] }
[BACKEND] Элемент успешно добавлен: 64
[BACKEND] 📨 POST /api/customer-estimates/6/items [e1t6c799v] (2/10)
[BACKEND] 📨 POST /api/customer-estimates/6/items - 127.0.0.1
[BACKEND] Добавление элемента в смету ID: 6
[BACKEND] Получены данные для добавления: {
[BACKEND]   item_type: 'material',
[BACKEND]   reference_id: 'block_1759238887659_9egvb1n9a',
[BACKEND]   name: 'Зубило плоское SDS-plus КМ (815747) 40х250 мм',
[BACKEND]   unit: 'шт.',
[BACKEND]   quantity: 1,
[BACKEND]   unit_price: 139,
[BACKEND]   total_amount: 139,
[BACKEND]   sort_order: 7
[BACKEND] }
[BACKEND] ✅ Выполнен запрос: {
[BACKEND]   text: 'SELECT id FROM customer_estimates WHERE id = $1...',
[BACKEND]   duration: '160ms',
[BACKEND]   rows: 1
[BACKEND] }
[BACKEND] ✅ Выполнен запрос: {
[BACKEND]   text: '\n      SELECT \n        w.*,\n        p.name as phas...',
[BACKEND]   duration: '1677ms',
[BACKEND]   rows: 540
[BACKEND] }
[BACKEND] ✅ Выполнен запрос: {
[BACKEND]   text: '\n      INSERT INTO customer_estimate_items (\n     ...',
[BACKEND]   duration: '209ms',
[BACKEND]   rows: 1
[BACKEND] }
[BACKEND] Элемент успешно добавлен: 65
[BACKEND] 📨 POST /api/customer-estimates/6/items [x6i8b6m6l] (1/10)
[BACKEND] 📨 POST /api/customer-estimates/6/items - 127.0.0.1
[BACKEND] Добавление элемента в смету ID: 6
[BACKEND] Получены данные для добавления: {
[BACKEND]   item_type: 'material',
[BACKEND]   reference_id: 'block_1759238887659_9egvb1n9a',
[BACKEND]   name: 'Мешок для пылесоса Karcher (6.904-322.0) 12 л 4,6 л к модели WD 2 бумага (5 шт.)',
[BACKEND]   unit: 'упак.',
[BACKEND]   quantity: 1,
[BACKEND]   unit_price: 1504,
[BACKEND]   total_amount: 1504,
[BACKEND]   sort_order: 8
[BACKEND] }
[BACKEND] ✅ Выполнен запрос: {
[BACKEND]   text: 'SELECT id FROM customer_estimates WHERE id = $1...',
[BACKEND]   duration: '159ms',
[BACKEND]   rows: 1
[BACKEND] }
[BACKEND] ✅ Выполнен запрос: {
[BACKEND]   text: '\n      INSERT INTO customer_estimate_items (\n     ...',
[BACKEND]   duration: '160ms',
[BACKEND]   rows: 1
[BACKEND] }
[BACKEND] Элемент успешно добавлен: 66
[BACKEND] 📨 GET /api/materials [6y46qw5ts] (1/10)
[BACKEND] 📨 GET /api/materials - 127.0.0.1
[BACKEND] 📨 GET /api/works [hrm32iln7] (2/10)
[BACKEND] 📨 GET /api/work-materials [fexqleir2] (3/10)
[BACKEND] 📨 GET /api/works - 127.0.0.1
[BACKEND] 📨 GET /api/work-materials - 127.0.0.1
[BACKEND] ✅ Выполнен запрос: {
[BACKEND]   text: '\n      SELECT \n        w.*,\n        p.name as phas...',
[BACKEND]   duration: '651ms',
[BACKEND]   rows: 540
[BACKEND] }
[BACKEND] ✅ Выполнен запрос: {
[BACKEND]   text: 'SELECT * FROM materials ORDER BY name...',
[BACKEND]   duration: '992ms',
[BACKEND]   rows: 1447
[BACKEND] }
[BACKEND] ✅ Выполнен запрос: {
[BACKEND]   text: '\n      SELECT\n        wm.*,\n        w.name as work...',
[BACKEND]   duration: '1075ms',
[BACKEND]   rows: 1425
[BACKEND] }
[BACKEND] 📨 GET /api/customer-estimates/6 [6uip673v5] (1/10)
[BACKEND] 📨 GET /api/customer-estimates/6 - 127.0.0.1
[BACKEND] ✅ Выполнен запрос: {
[BACKEND]   text: 'SELECT id FROM auth_users WHERE email = $1...',
[BACKEND]   duration: '161ms',
[BACKEND]   rows: 1
[BACKEND] }
[BACKEND] 👤 Используем тестового пользователя ID: 6
[BACKEND] ✅ Выполнен запрос: {
[BACKEND]   text: '\n      SELECT \n        ce.*\n      FROM customer_es...',
[BACKEND]   duration: '160ms',
[BACKEND]   rows: 1
[BACKEND] }
[BACKEND] 📨 GET /api/customer-estimates/6/items [8qux45tul] (1/10)
[BACKEND] 📨 GET /api/customer-estimates/6/items - 127.0.0.1
[BACKEND] Получение элементов сметы для ID: 6
[BACKEND] ✅ Выполнен запрос: {
[BACKEND]   text: 'SELECT id FROM customer_estimates WHERE id = $1...',
[BACKEND]   duration: '160ms',
[BACKEND]   rows: 1
[BACKEND] }
[BACKEND] ✅ Выполнен запрос: {
[BACKEND]   text: '\n      SELECT * FROM customer_estimate_items \n    ...',
[BACKEND]   duration: '161ms',
[BACKEND]   rows: 9
[BACKEND] }
[BACKEND] Найдено 9 элементов для сметы 6
[BACKEND] 📨 POST /api/customer-estimates/6/items [hc4pegh4h] (1/10)
[BACKEND] 📨 POST /api/customer-estimates/6/items - 127.0.0.1
[BACKEND] Добавление элемента в смету ID: 6
[BACKEND] Получены данные для добавления: {
[BACKEND]   item_type: 'work',
[BACKEND]   reference_id: 'block_1759238907670_o9yryxuh4',
[BACKEND]   name: 'Демонтаж штукатурки с потолка',
[BACKEND]   unit: 'м2',
[BACKEND]   quantity: 1,
[BACKEND]   unit_price: 3,
[BACKEND]   total_amount: 3,
[BACKEND]   sort_order: 9
[BACKEND] }
[BACKEND] ✅ Выполнен запрос: {
[BACKEND]   text: 'SELECT id FROM customer_estimates WHERE id = $1...',
[BACKEND]   duration: '161ms',
[BACKEND]   rows: 1
[BACKEND] }
[BACKEND] ✅ Выполнен запрос: {
[BACKEND]   text: '\n      INSERT INTO customer_estimate_items (\n     ...',
[BACKEND]   duration: '160ms',
[BACKEND]   rows: 1
[BACKEND] }
[BACKEND] Элемент успешно добавлен: 67
[BACKEND] 📨 POST /api/customer-estimates/6/items [xm87yi0bq] (1/10)
[BACKEND] 📨 POST /api/customer-estimates/6/items - 127.0.0.1
[BACKEND] Добавление элемента в смету ID: 6
[BACKEND] Получены данные для добавления: {
[BACKEND]   item_type: 'material',
[BACKEND]   reference_id: 'block_1759238907670_o9yryxuh4',
[BACKEND]   name: 'Чашка алмазная по бетону Trio-Diamond Turbo 125х22,2 мм',
[BACKEND]   unit: 'шт.',
[BACKEND]   quantity: 1,
[BACKEND]   unit_price: 1529,
[BACKEND]   total_amount: 1529,
[BACKEND]   sort_order: 10
[BACKEND] }
[BACKEND] ✅ Выполнен запрос: {
[BACKEND]   text: 'SELECT id FROM customer_estimates WHERE id = $1...',
[BACKEND]   duration: '159ms',
[BACKEND]   rows: 1
[BACKEND] }
[BACKEND] ✅ Выполнен запрос: {
[BACKEND]   text: '\n      INSERT INTO customer_estimate_items (\n     ...',
[BACKEND]   duration: '160ms',
[BACKEND]   rows: 1
[BACKEND] }
[BACKEND] Элемент успешно добавлен: 68
[BACKEND] 📨 POST /api/customer-estimates/6/items [lrnfanek7] (1/10)
[BACKEND] 📨 POST /api/customer-estimates/6/items - 127.0.0.1
[BACKEND] Добавление элемента в смету ID: 6
[BACKEND] Получены данные для добавления: {
[BACKEND]   item_type: 'material',
[BACKEND]   reference_id: 'block_1759238907670_o9yryxuh4',
[BACKEND]   name: 'Шпатель малярный Wenzo 100 мм с эргономичной ручкой и отверткой (684772)',
[BACKEND]   unit: 'шт.',
[BACKEND]   quantity: 1,
[BACKEND]   unit_price: 388,
[BACKEND]   total_amount: 388,
[BACKEND]   sort_order: 11
[BACKEND] }
[BACKEND] ✅ Выполнен запрос: {
[BACKEND]   text: 'SELECT id FROM customer_estimates WHERE id = $1...',
[BACKEND]   duration: '162ms',
[BACKEND]   rows: 1
[BACKEND] }
[BACKEND] ✅ Выполнен запрос: {
[BACKEND]   text: '\n      INSERT INTO customer_estimate_items (\n     ...',
[BACKEND]   duration: '160ms',
[BACKEND]   rows: 1
[BACKEND] }
[BACKEND] Элемент успешно добавлен: 69
[BACKEND] 📨 POST /api/customer-estimates/6/items [3tg4squdy] (1/10)
[BACKEND] 📨 POST /api/customer-estimates/6/items - 127.0.0.1
[BACKEND] Добавление элемента в смету ID: 6
[BACKEND] Получены данные для добавления: {
[BACKEND]   item_type: 'material',
[BACKEND]   reference_id: 'block_1759238907670_o9yryxuh4',
[BACKEND]   name: 'Зубило плоское SDS-plus КМ (815747) 40х250 мм',
[BACKEND]   unit: 'шт.',
[BACKEND]   quantity: 1,
[BACKEND]   unit_price: 139,
[BACKEND]   total_amount: 139,
[BACKEND]   sort_order: 12
[BACKEND] }
[BACKEND] ✅ Выполнен запрос: {
[BACKEND]   text: 'SELECT id FROM customer_estimates WHERE id = $1...',
[BACKEND]   duration: '163ms',
[BACKEND]   rows: 1
[BACKEND] }
[BACKEND] ✅ Выполнен запрос: {
[BACKEND]   text: '\n      INSERT INTO customer_estimate_items (\n     ...',
[BACKEND]   duration: '160ms',
[BACKEND]   rows: 1
[BACKEND] }
[BACKEND] Элемент успешно добавлен: 70
[BACKEND] 📨 POST /api/customer-estimates/6/items [lmivt65c6] (1/10)
[BACKEND] 📨 POST /api/customer-estimates/6/items - 127.0.0.1
[BACKEND] Добавление элемента в смету ID: 6
[BACKEND] Получены данные для добавления: {
[BACKEND]   item_type: 'material',
[BACKEND]   reference_id: 'block_1759238907670_o9yryxuh4',
[BACKEND]   name: 'Мешок для мусора 50 л 500х900 мм полипропиленовый зеленый',
[BACKEND]   unit: 'шт.',
[BACKEND]   quantity: 1,
[BACKEND]   unit_price: 13,
[BACKEND]   total_amount: 13,
[BACKEND]   sort_order: 13
[BACKEND] }
[BACKEND] ✅ Выполнен запрос: {
[BACKEND]   text: 'SELECT id FROM customer_estimates WHERE id = $1...',
[BACKEND]   duration: '163ms',
[BACKEND]   rows: 1
[BACKEND] }
[BACKEND] ✅ Выполнен запрос: {
[BACKEND]   text: '\n      INSERT INTO customer_estimate_items (\n     ...',
[BACKEND]   duration: '160ms',
[BACKEND]   rows: 1
[BACKEND] }
[BACKEND] Элемент успешно добавлен: 71
[BACKEND] 📨 GET /api/customer-estimates [t3p3wpjb1] (1/10)
[BACKEND] 📨 GET /api/customer-estimates - 127.0.0.1
[BACKEND] 📨 GET customer-estimates запрос получен
[BACKEND] 🔍 Выполняем запрос: 
[BACKEND]       SELECT 
[BACKEND]         ce.*,
[BACKEND]         COUNT(cei.id) as items_count
[BACKEND]       FROM customer_estimates ce
[BACKEND]       LEFT JOIN customer_estimate_items cei ON ce.id = cei.estimate_id
[BACKEND]       GROUP BY ce.id
[BACKEND]       ORDER BY ce.created_at DESC
[BACKEND]     
[BACKEND] 📨 GET /api/materials [at0hgc6n4] (2/10)
[BACKEND] 📨 GET /api/works [0v98zq10r] (3/10)
[BACKEND] 📨 GET /api/materials - 127.0.0.1
[BACKEND] 📨 GET /api/works - 127.0.0.1
[BACKEND] ✅ Выполнен запрос: {
[BACKEND]   text: '\n      SELECT \n        ce.*,\n        COUNT(cei.id)...',
[BACKEND]   duration: '163ms',
[BACKEND]   rows: 6
[BACKEND] }
[BACKEND] 📊 Результат запроса: 6 смет найдено
[BACKEND] 📋 Первые данные: [
[BACKEND]   {
[BACKEND]     id: 6,
[BACKEND]     project_id: null,
[BACKEND]     name: 'Алия',
[BACKEND]     description: null,
[BACKEND]     version: 1,
[BACKEND]     status: 'draft',
[BACKEND]     total_amount: '0.00',
[BACKEND]     work_coefficient: '1.000',
[BACKEND]     material_coefficient: '1.000',
[BACKEND]     user_id: 6,
[BACKEND]     tenant_id: null,
[BACKEND]     created_at: 2025-09-30T12:46:27.171Z,
[BACKEND]     updated_at: 2025-09-30T12:46:27.171Z,
[BACKEND]     approved_at: null,
[BACKEND]     approved_by: null,
[BACKEND]     items_count: '14'
[BACKEND]   },
[BACKEND]   {
[BACKEND]     id: 5,
[BACKEND]     project_id: null,
[BACKEND]     name: '1',
[BACKEND]     description: null,
[BACKEND]     version: 1,
[BACKEND]     status: 'draft',
[BACKEND]     total_amount: '0.00',
[BACKEND]     work_coefficient: '1.000',
[BACKEND]     material_coefficient: '1.000',
[BACKEND]     user_id: 6,
[BACKEND]     tenant_id: null,
[BACKEND]     created_at: 2025-09-30T10:26:59.645Z,
[BACKEND]     updated_at: 2025-09-30T10:26:59.645Z,
[BACKEND]     approved_at: null,
[BACKEND]     approved_by: null,
[BACKEND]     items_count: '2'
[BACKEND]   }
[BACKEND] ]
[BACKEND] 📨 GET /api/customer-estimates/6/items [af5xsfsge] (3/10)
[BACKEND] 📨 GET /api/customer-estimates/6/items - 127.0.0.1
[BACKEND] Получение элементов сметы для ID: 6
[BACKEND] ✅ Выполнен запрос: {
[BACKEND]   text: 'SELECT id FROM customer_estimates WHERE id = $1...',
[BACKEND]   duration: '162ms',
[BACKEND]   rows: 1
[BACKEND] }
[BACKEND] ✅ Выполнен запрос: {
[BACKEND]   text: '\n      SELECT * FROM customer_estimate_items \n    ...',
[BACKEND]   duration: '161ms',
[BACKEND]   rows: 14
[BACKEND] }
[BACKEND] Найдено 14 элементов для сметы 6
[BACKEND] ✅ Выполнен запрос: {
[BACKEND]   text: '\n      SELECT \n        w.*,\n        p.name as phas...',
[BACKEND]   duration: '658ms',
[BACKEND]   rows: 540
[BACKEND] }
[BACKEND] ✅ Выполнен запрос: {
[BACKEND]   text: 'SELECT * FROM materials ORDER BY name...',
[BACKEND]   duration: '1005ms',
[BACKEND]   rows: 1447
[BACKEND] }
[BACKEND] 📨 GET /api/customer-estimates/5/items [ao5245c92] (1/10)
[BACKEND] 📨 GET /api/customer-estimates/5/items - 127.0.0.1
[BACKEND] Получение элементов сметы для ID: 5
[BACKEND] ✅ Выполнен запрос: {
[BACKEND]   text: 'SELECT id FROM customer_estimates WHERE id = $1...',
[BACKEND]   duration: '159ms',
[BACKEND]   rows: 1
[BACKEND] }
[BACKEND] ✅ Выполнен запрос: {
[BACKEND]   text: '\n      SELECT * FROM customer_estimate_items \n    ...',
[BACKEND]   duration: '158ms',
[BACKEND]   rows: 2
[BACKEND] }
[BACKEND] Найдено 2 элементов для сметы 5
[BACKEND] 📨 GET /api/works [0jyirxvbw] (1/10)
[BACKEND] 📨 GET /api/works - 127.0.0.1
[BACKEND] 📨 GET /api/materials [bb5us3aqr] (2/10)
[BACKEND] 📨 GET /api/materials - 127.0.0.1
[BACKEND] 📨 GET /api/work-materials [ti1f452t6] (3/10)
[BACKEND] 📨 GET /api/work-materials - 127.0.0.1
[BACKEND] ✅ Выполнен запрос: {
[BACKEND]   text: '\n      SELECT \n        w.*,\n        p.name as phas...',
[BACKEND]   duration: '636ms',
[BACKEND]   rows: 540
[BACKEND] }
[BACKEND] ✅ Выполнен запрос: {
[BACKEND]   text: 'SELECT * FROM materials ORDER BY name...',
[BACKEND]   duration: '964ms',
[BACKEND]   rows: 1447
[BACKEND] }
[BACKEND] ✅ Выполнен запрос: {
[BACKEND]   text: '\n      SELECT\n        wm.*,\n        w.name as work...',
[BACKEND]   duration: '971ms',
[BACKEND]   rows: 1425
[BACKEND] }
[BACKEND] 📨 GET /api/customer-estimates/5 [xru0i9kzt] (1/10)
[BACKEND] 📨 GET /api/customer-estimates/5 - 127.0.0.1
[BACKEND] ✅ Выполнен запрос: {
[BACKEND]   text: 'SELECT id FROM auth_users WHERE email = $1...',
[BACKEND]   duration: '160ms',
[BACKEND]   rows: 1
[BACKEND] }
[BACKEND] 👤 Используем тестового пользователя ID: 6
[BACKEND] ✅ Выполнен запрос: {
[BACKEND]   text: '\n      SELECT \n        ce.*\n      FROM customer_es...',
[BACKEND]   duration: '159ms',
[BACKEND]   rows: 1
[BACKEND] }
[BACKEND] 📨 GET /api/customer-estimates/5/items [kngc2fgld] (1/10)
[BACKEND] 📨 GET /api/customer-estimates/5/items - 127.0.0.1
[BACKEND] Получение элементов сметы для ID: 5
[BACKEND] ✅ Выполнен запрос: {
[BACKEND]   text: 'SELECT id FROM customer_estimates WHERE id = $1...',
[BACKEND]   duration: '160ms',
[BACKEND]   rows: 1
[BACKEND] }
[BACKEND] ✅ Выполнен запрос: {
[BACKEND]   text: '\n      SELECT * FROM customer_estimate_items \n    ...',
[BACKEND]   duration: '159ms',
[BACKEND]   rows: 2
[BACKEND] }
[BACKEND] Найдено 2 элементов для сметы 5
[BACKEND] 📨 POST /api/customer-estimates/5/items [tjjmjvw9r] (1/10)
[BACKEND] 📨 POST /api/customer-estimates/5/items - 127.0.0.1
[BACKEND] Добавление элемента в смету ID: 5
[BACKEND] Получены данные для добавления: {
[BACKEND]   item_type: 'work',
[BACKEND]   reference_id: 'block_1759238928989_g2u61i3k7',
[BACKEND]   name: 'Очистка потолка от масляной краски или клея',
[BACKEND]   unit: 'м2',
[BACKEND]   quantity: 1,
[BACKEND]   unit_price: 1,
[BACKEND]   total_amount: 1,
[BACKEND]   sort_order: 14
[BACKEND] }
[BACKEND] ✅ Выполнен запрос: {
[BACKEND]   text: 'SELECT id FROM customer_estimates WHERE id = $1...',
[BACKEND]   duration: '159ms',
[BACKEND]   rows: 1
[BACKEND] }
[BACKEND] ✅ Выполнен запрос: {
[BACKEND]   text: '\n      INSERT INTO customer_estimate_items (\n     ...',
[BACKEND]   duration: '160ms',
[BACKEND]   rows: 1
[BACKEND] }
[BACKEND] Элемент успешно добавлен: 72
[BACKEND] 📨 POST /api/customer-estimates/5/items [zt6s6wxi4] (1/10)
[BACKEND] 📨 POST /api/customer-estimates/5/items - 127.0.0.1
[BACKEND] Добавление элемента в смету ID: 5
[BACKEND] Получены данные для добавления: {
[BACKEND]   item_type: 'material',
[BACKEND]   reference_id: 'block_1759238928989_g2u61i3k7',
[BACKEND]   name: '11055351008(11370951001) REHAU RAUTITAN Кронштейн, тип Е',
[BACKEND]   unit: 'шт.',
[BACKEND]   quantity: 1,
[BACKEND]   unit_price: 387.6,
[BACKEND]   total_amount: 387.6,
[BACKEND]   sort_order: 15
[BACKEND] }
[BACKEND] ✅ Выполнен запрос: {
[BACKEND]   text: 'SELECT id FROM customer_estimates WHERE id = $1...',
[BACKEND]   duration: '159ms',
[BACKEND]   rows: 1
[BACKEND] }
[BACKEND] ✅ Выполнен запрос: {
[BACKEND]   text: '\n      INSERT INTO customer_estimate_items (\n     ...',
[BACKEND]   duration: '160ms',
[BACKEND]   rows: 1
[BACKEND] }
[BACKEND] Элемент успешно добавлен: 73
[BACKEND] 📨 POST /api/customer-estimates/5/items [y4fkeotoy] (1/10)
[BACKEND] 📨 POST /api/customer-estimates/5/items - 127.0.0.1
[BACKEND] Добавление элемента в смету ID: 5
[BACKEND] Получены данные для добавления: {
[BACKEND]   item_type: 'material',
[BACKEND]   reference_id: 'block_1759238928989_g2u61i3k7',
[BACKEND]   name: '11056233008 Монтажная шина РЕХАУ, 2 м',
[BACKEND]   unit: 'шт.',
[BACKEND]   quantity: 1,
[BACKEND]   unit_price: 2629.6,
[BACKEND]   total_amount: 2629.6,
[BACKEND]   sort_order: 16
[BACKEND] }
[BACKEND] ✅ Выполнен запрос: {
[BACKEND]   text: 'SELECT id FROM customer_estimates WHERE id = $1...',
[BACKEND]   duration: '159ms',
[BACKEND]   rows: 1
[BACKEND] }
[BACKEND] ✅ Выполнен запрос: {
[BACKEND]   text: '\n      INSERT INTO customer_estimate_items (\n     ...',
[BACKEND]   duration: '160ms',
[BACKEND]   rows: 1
[BACKEND] }
[BACKEND] Элемент успешно добавлен: 74
[BACKEND] 📨 POST /api/customer-estimates/5/items [hvp5swmjx] (1/10)
[BACKEND] 📨 POST /api/customer-estimates/5/items - 127.0.0.1
[BACKEND] Добавление элемента в смету ID: 5
[BACKEND] Получены данные для добавления: {
[BACKEND]   item_type: 'material',
[BACKEND]   reference_id: 'block_1759238928989_g2u61i3k7',
[BACKEND]   name: '11080041001 РЕХАУ Монтажная гильза РЕХАУ 32 LX для труб из сшитого полиэтилена аксиальная',
[BACKEND]   unit: 'шт.',
[BACKEND]   quantity: 1,
[BACKEND]   unit_price: 492.1,
[BACKEND]   total_amount: 492.1,
[BACKEND]   sort_order: 17
[BACKEND] }
[BACKEND] ✅ Выполнен запрос: {
[BACKEND]   text: 'SELECT id FROM customer_estimates WHERE id = $1...',
[BACKEND]   duration: '159ms',
[BACKEND]   rows: 1
[BACKEND] }
[BACKEND] ✅ Выполнен запрос: {
[BACKEND]   text: '\n      INSERT INTO customer_estimate_items (\n     ...',
[BACKEND]   duration: '160ms',
[BACKEND]   rows: 1
[BACKEND] }
[BACKEND] Элемент успешно добавлен: 75
[BACKEND] 📨 GET /api/materials [0tcrm51ew] (1/10)
[BACKEND] 📨 GET /api/materials - 127.0.0.1
[BACKEND] 📨 GET /api/works [bv5yfpd9i] (2/10)
[BACKEND] 📨 GET /api/works - 127.0.0.1
[BACKEND] 📨 GET /api/customer-estimates [a219w2fby] (3/10)
[BACKEND] 📨 GET /api/customer-estimates - 127.0.0.1
[BACKEND] 📨 GET customer-estimates запрос получен
[BACKEND] 🔍 Выполняем запрос: 
[BACKEND]       SELECT 
[BACKEND]         ce.*,
[BACKEND]         COUNT(cei.id) as items_count
[BACKEND]       FROM customer_estimates ce
[BACKEND]       LEFT JOIN customer_estimate_items cei ON ce.id = cei.estimate_id
[BACKEND]       GROUP BY ce.id
[BACKEND]       ORDER BY ce.created_at DESC
[BACKEND]     
[BACKEND] ✅ Выполнен запрос: {
[BACKEND]   text: '\n      SELECT \n        ce.*,\n        COUNT(cei.id)...',
[BACKEND]   duration: '161ms',
[BACKEND]   rows: 6
[BACKEND] }
[BACKEND] 📊 Результат запроса: 6 смет найдено
[BACKEND] 📋 Первые данные: [
[BACKEND]   {
[BACKEND]     id: 6,
[BACKEND]     project_id: null,
[BACKEND]     name: 'Алия',
[BACKEND]     description: null,
[BACKEND]     version: 1,
[BACKEND]     status: 'draft',
[BACKEND]     total_amount: '0.00',
[BACKEND]     work_coefficient: '1.000',
[BACKEND]     material_coefficient: '1.000',
[BACKEND]     user_id: 6,
[BACKEND]     tenant_id: null,
[BACKEND]     created_at: 2025-09-30T12:46:27.171Z,
[BACKEND]     updated_at: 2025-09-30T12:46:27.171Z,
[BACKEND]     approved_at: null,
[BACKEND]     approved_by: null,
[BACKEND]     items_count: '14'
[BACKEND]   },
[BACKEND]   {
[BACKEND]     id: 5,
[BACKEND]     project_id: null,
[BACKEND]     name: '1',
[BACKEND]     description: null,
[BACKEND]     version: 1,
[BACKEND]     status: 'draft',
[BACKEND]     total_amount: '0.00',
[BACKEND]     work_coefficient: '1.000',
[BACKEND]     material_coefficient: '1.000',
[BACKEND]     user_id: 6,
[BACKEND]     tenant_id: null,
[BACKEND]     created_at: 2025-09-30T10:26:59.645Z,
[BACKEND]     updated_at: 2025-09-30T10:26:59.645Z,
[BACKEND]     approved_at: null,
[BACKEND]     approved_by: null,
[BACKEND]     items_count: '6'
[BACKEND]   }
[BACKEND] ]
[BACKEND] 📨 GET /api/customer-estimates/6/items [y6mmfjdfm] (3/10)
[BACKEND] 📨 GET /api/customer-estimates/6/items - 127.0.0.1
[BACKEND] Получение элементов сметы для ID: 6
[BACKEND] ✅ Выполнен запрос: {
[BACKEND]   text: 'SELECT id FROM customer_estimates WHERE id = $1...',
[BACKEND]   duration: '158ms',
[BACKEND]   rows: 1
[BACKEND] }
[BACKEND] ✅ Выполнен запрос: {
[BACKEND]   text: '\n      SELECT * FROM customer_estimate_items \n    ...',
[BACKEND]   duration: '159ms',
[BACKEND]   rows: 14
[BACKEND] }
[BACKEND] Найдено 14 элементов для сметы 6
[BACKEND] ✅ Выполнен запрос: {
[BACKEND]   text: '\n      SELECT \n        w.*,\n        p.name as phas...',
[BACKEND]   duration: '642ms',
[BACKEND]   rows: 540
[BACKEND] }
[BACKEND] ✅ Выполнен запрос: {
[BACKEND]   text: 'SELECT * FROM materials ORDER BY name...',
[BACKEND]   duration: '961ms',
[BACKEND]   rows: 1447
[BACKEND] }
[BACKEND] 📨 GET /api/customer-estimates/5/items [7ztdm9m3d] (1/10)
[BACKEND] 📨 GET /api/customer-estimates/5/items - 127.0.0.1
[BACKEND] Получение элементов сметы для ID: 5
[BACKEND] ✅ Выполнен запрос: {
[BACKEND]   text: 'SELECT id FROM customer_estimates WHERE id = $1...',
[BACKEND]   duration: '160ms',
[BACKEND]   rows: 1
[BACKEND] }
[BACKEND] ✅ Выполнен запрос: {
[BACKEND]   text: '\n      SELECT * FROM customer_estimate_items \n    ...',
[BACKEND]   duration: '159ms',
[BACKEND]   rows: 6
[BACKEND] }
[BACKEND] Найдено 6 элементов для сметы 5
[BACKEND] 📨 GET /api/customer-estimates/4/items [by6tce85j] (1/10)
[BACKEND] 📨 GET /api/customer-estimates/4/items - 127.0.0.1
[BACKEND] Получение элементов сметы для ID: 4
[BACKEND] ✅ Выполнен запрос: {
[BACKEND]   text: 'SELECT id FROM customer_estimates WHERE id = $1...',
[BACKEND]   duration: '159ms',
[BACKEND]   rows: 1
[BACKEND] }
[BACKEND] ✅ Выполнен запрос: {
[BACKEND]   text: '\n      SELECT * FROM customer_estimate_items \n    ...',
[BACKEND]   duration: '160ms',
[BACKEND]   rows: 0
[BACKEND] }
[BACKEND] Найдено 0 элементов для сметы 4
[BACKEND] 📨 DELETE /api/customer-estimates/4 [aoq7srxvr] (1/10)
[BACKEND] 📨 DELETE /api/customer-estimates/4 - 127.0.0.1
[BACKEND] Ошибка удаления сметы заказчика: TypeError: Cannot read properties of undefined (reading 'role')
[BACKEND]     at file:///workspaces/Smeta360-2/server/index.js:2430:31
[BACKEND]     at Layer.handle [as handle_request] (/workspaces/Smeta360-2/server/node_modules/express/lib/router/layer.js:95:5)
[BACKEND]     at next (/workspaces/Smeta360-2/server/node_modules/express/lib/router/route.js:149:13)
[BACKEND]     at Route.dispatch (/workspaces/Smeta360-2/server/node_modules/express/lib/router/route.js:119:3)
[BACKEND]     at Layer.handle [as handle_request] (/workspaces/Smeta360-2/server/node_modules/express/lib/router/layer.js:95:5)
[BACKEND]     at /workspaces/Smeta360-2/server/node_modules/express/lib/router/index.js:284:15
[BACKEND]     at param (/workspaces/Smeta360-2/server/node_modules/express/lib/router/index.js:365:14)
[BACKEND]     at param (/workspaces/Smeta360-2/server/node_modules/express/lib/router/index.js:376:14)
[BACKEND]     at Function.process_params (/workspaces/Smeta360-2/server/node_modules/express/lib/router/index.js:421:3)
[BACKEND]     at next (/workspaces/Smeta360-2/server/node_modules/express/lib/router/index.js:280:10)
[BACKEND] 📨 GET /api/customer-estimates/6/items [4utgzh78n] (1/10)
[BACKEND] 📨 GET /api/customer-estimates/6/items - 127.0.0.1
[BACKEND] Получение элементов сметы для ID: 6
[BACKEND] ✅ Подключение к PostgreSQL установлено (ssl: on )
[BACKEND] ✅ Выполнен запрос: {
[BACKEND]   text: 'SELECT id FROM customer_estimates WHERE id = $1...',
[BACKEND]   duration: '1143ms',
[BACKEND]   rows: 1
[BACKEND] }
[BACKEND] ✅ Выполнен запрос: {
[BACKEND]   text: '\n      SELECT * FROM customer_estimate_items \n    ...',
[BACKEND]   duration: '160ms',
[BACKEND]   rows: 14
[BACKEND] }
[BACKEND] Найдено 14 элементов для сметы 6
[BACKEND] Killed
[FRONTEND] Killed
[BACKEND] npm run server exited with code 137
[FRONTEND] npm run client exited with code 137
